#
# A fatal error has been detected by the Java Runtime Environment:
#
#  SIGSEGV (0xb) at pc=0x0000000109a14524, pid=66535, tid=0x0000000000000103
#
# JRE version: Java(TM) SE Runtime Environment (8.0_321-b07) (build 1.8.0_321-b07)
# Java VM: Java HotSpot(TM) 64-Bit Server VM (25.321-b07 mixed mode bsd-amd64 compressed oops)
# Problematic frame:
# V  [libjvm.dylib+0x2fe524]
#
# Failed to write core dump. Core dumps have been disabled. To enable core dumping, try "ulimit -c unlimited" before starting Java again
#
# If you would like to submit a bug report, please visit:
#   http://bugreport.java.com/bugreport/crash.jsp
#

---------------  T H R E A D  ---------------

Current thread is native thread

siginfo: si_signo: 11 (SIGSEGV), si_code: 1 (SEGV_MAPERR), si_addr: 0x0000000000000278

Registers:
RAX=0x000000000000dead, RBX=0x0000000000000000, RCX=0x0000000200635600, RDX=0x0000000000000000
RSP=0x0000000304915a00, RBP=0x0000000304915a30, RSI=0x00007fb362105ac9, RDI=0x00007fb3c216b000
R8 =0x0000000000000000, R9 =0x0000000000000000, R10=0x00007ffa5273a720, R11=0x00007ffa2bd72772
R12=0x00007fb3c216b200, R13=0x0000600003c48580, R14=0x0000000000000000, R15=0x00007fb362105ac9
RIP=0x0000000109a14524, EFLAGS=0x0000000000000297, ERR=0x0000000000000006
  TRAPNO=0x000000000000000e

Top of Stack: (sp=0x0000000304915a00)
0x0000000304915a00:   0000000000000004 0000000000000000
0x0000000304915a10:   00007fb3c216b200 00007fb3c23e5c00
0x0000000304915a20:   0000600002b34030 00007fb362105ac9
0x0000000304915a30:   0000000304915a60 00007ffa2bd727f2
0x0000000304915a40:   0000600002b34030 00007fb3c216b200
0x0000000304915a50:   00007ff80ec7e280 000060000077bb00
0x0000000304915a60:   0000000304915a80 00007ffa2bd72606
0x0000000304915a70:   0000600002b34030 00007fb3c216b200
0x0000000304915a80:   0000000304915ae0 0000000129afd8fe
0x0000000304915a90:   0000600000a2d1d0 00007ff8295ed48c
0x0000000304915aa0:   0000600003c48580 0000000000000000
0x0000000304915ab0:   412897c67250b956 00007ff80ec7e280
0x0000000304915ac0:   0000600000a2d1d0 0000600003c48580
0x0000000304915ad0:   0000600003c48580 00007fb392b06280
0x0000000304915ae0:   0000000304915ba0 00007ff81643b1bd
0x0000000304915af0:   00006000029b6560 0000000000000000
0x0000000304915b00:   0000600003c48580 0000000000000000
0x0000000304915b10:   0000000403c48580 0000000000000000
0x0000000304915b20:   412897c67250b956 0000000000000000
0x0000000304915b30:   0000000000000000 0000600000d3b240
0x0000000304915b40:   0000000000000004 0000000000000000
0x0000000304915b50:   0000000000000000 0000000304915b78
0x0000000304915b60:   0000000300000000 00007ff8163babf2
0x0000000304915b70:   48d25879ce0a0086 00007ff80ec7e280
0x0000000304915b80:   0000000000000004 0000000000000000
0x0000000304915b90:   0000600003c48580 00007ff8295ed48c
0x0000000304915ba0:   0000000304915c20 00007ff81643a7f8
0x0000000304915bb0:   00007fb3928076f0 405b800000000000
0x0000000304915bc0:   4074000000000000 4000000000000000
0x0000000304915bd0:   0000000000000000 0000000000000000
0x0000000304915be0:   4074000000000000 405b800000000000
0x0000000304915bf0:   48d25879ce0a0086 0000000304915d00 

Instructions: (pc=0x0000000109a14524)
0x0000000109a14504:   de 00 00 74 17 8b 83 90 02 00 00 3d ac de 00 00
0x0000000109a14514:   74 0a 48 89 df e8 f8 26 26 00 31 db 48 89 5d d8
0x0000000109a14524:   c7 83 78 02 00 00 05 00 00 00 48 8d 05 4b 62 42
0x0000000109a14534:   00 83 38 01 75 0d 48 8d 05 2a ce 41 00 8a 00 24 

Register to memory mapping:

RAX=0x000000000000dead is an unknown value
RBX=0x0000000000000000 is an unknown value
RCX=0x0000000200635600 is an unknown value
RDX=0x0000000000000000 is an unknown value
RSP=0x0000000304915a00 is an unknown value
RBP=0x0000000304915a30 is an unknown value
RSI=0x00007fb362105ac9 is a weak global jni handle
RDI=0x00007fb3c216b000 is an unknown value
R8 =0x0000000000000000 is an unknown value
R9 =0x0000000000000000 is an unknown value
R10=0x00007ffa5273a720: OBJC_CLASS_$_JNFWeakJObjectWrapper+0 in /System/Library/Frameworks/JavaNativeFoundation.framework/Versions/A/JavaNativeFoundation at 0x00007ffa2bd69000
R11=0x00007ffa2bd72772: -[JNFJObjectWrapper jObject]+0 in /System/Library/Frameworks/JavaNativeFoundation.framework/Versions/A/JavaNativeFoundation at 0x00007ffa2bd69000
R12=0x00007fb3c216b200 is an unknown value
R13=0x0000600003c48580 is an unknown value
R14=0x0000000000000000 is an unknown value
R15=0x00007fb362105ac9 is a weak global jni handle


Stack: [0x000000030411a000,0x000000030491a000],  sp=0x0000000304915a00,  free space=8174k
Native frames: (J=compiled Java code, j=interpreted, Vv=VM code, C=native code)
V  [libjvm.dylib+0x2fe524]
C  [JavaNativeFoundation+0x97f2]  -[JNFWeakJObjectWrapper _getWithEnv:]+0x31
C  [JavaNativeFoundation+0x9606]  -[JNFJObjectWrapper jObjectWithEnv:]+0x16
C  [libawt_lwawt.dylib+0x1d8fe]  -[CGLLayer drawInCGLContext:pixelFormat:forLayerTime:displayTime:]+0x104
C  [QuartzCore+0xc11bd]  _ZL17CAOpenGLLayerDrawP13CAOpenGLLayerdPK11CVTimeStampj+0x7e5
C  [QuartzCore+0xc07f8]  -[CAOpenGLLayer _display]+0x249
C  [QuartzCore+0x20619]  _ZN2CA5Layer17display_if_neededEPNS_11TransactionE+0x363
C  [QuartzCore+0x17072b]  _ZN2CA7Context18commit_transactionEPNS_11TransactionEdPd+0x2cd
C  [QuartzCore+0x224a]  _ZN2CA11Transaction6commitEv+0x2c0
C  [QuartzCore+0x1a5832]  _ZN2CA11Transaction25flush_as_runloop_observerEb+0x80
C  [CoreFoundation+0x7ef98]  __CFRUNLOOP_IS_CALLING_OUT_TO_AN_OBSERVER_CALLBACK_FUNCTION__+0x17
C  [CoreFoundation+0x7ee34]  __CFRunLoopDoObservers+0x21f
C  [CoreFoundation+0x7e406]  __CFRunLoopRun+0x488
C  [CoreFoundation+0x7d8a9]  CFRunLoopRunSpecific+0x237
C  [java+0x58cc]  CreateExecutionEnvironment+0x36b
C  [java+0x1ec6]  JLI_Launch+0x756
C  [java+0x81ea]  main+0x44
C  0x00000002005ba4fe


---------------  P R O C E S S  ---------------

VM state:not at safepoint (normal execution)

VM Mutex/Monitor currently owned by a thread: None

heap address: 0x00000006c0000000, size: 4096 MB, Compressed Oops mode: Zero based, Oop shift amount: 3
Narrow klass base: 0x0000000000000000, Narrow klass shift: 3
Compressed class space size: 1073741824 Address: 0x00000007c0000000

Heap:
 PSYoungGen      total 76288K, used 13945K [0x000000076ab00000, 0x0000000770000000, 0x00000007c0000000)
  eden space 65536K, 21% used [0x000000076ab00000,0x000000076b89e608,0x000000076eb00000)
  from space 10752K, 0% used [0x000000076eb00000,0x000000076eb00000,0x000000076f580000)
  to   space 10752K, 0% used [0x000000076f580000,0x000000076f580000,0x0000000770000000)
 ParOldGen       total 82944K, used 13602K [0x00000006c0000000, 0x00000006c5100000, 0x000000076ab00000)
  object space 82944K, 16% used [0x00000006c0000000,0x00000006c0d48af0,0x00000006c5100000)
 Metaspace       used 22161K, capacity 22960K, committed 23296K, reserved 1069056K
  class space    used 2996K, capacity 3216K, committed 3328K, reserved 1048576K

Card table byte_map: [0x0000000108e33000,0x0000000109634000] byte_map_base: 0x0000000105833000

Marking Bits: (ParMarkBitMap*) 0x0000000109e3b2e8
 Begin Bits: [0x000000011aa51000, 0x000000011ea51000)
 End Bits:   [0x000000011ea51000, 0x0000000122a51000)

Polling page: 0x0000000108952000

CodeCache: size=245760Kb used=9451Kb max_used=9451Kb free=236308Kb
 bounds [0x000000010b4fb000, 0x000000010be4b000, 0x000000011a4fb000]
 total_blobs=3909 nmethods=3082 adapters=739
 compilation: enabled

Compilation events (10 events):
Event: 25.624 Thread 0x00007fb3c3036800 3189   !   3       com.sun.javafx.application.PlatformImpl::isSupported (45 bytes)
Event: 25.624 Thread 0x00007fb3c3036800 nmethod 3189 0x000000010be320d0 code [0x000000010be32280, 0x000000010be327d8]
Event: 26.228 Thread 0x00007fb3c3036800 3192       3       java.lang.invoke.DirectMethodHandle::preparedLambdaForm (230 bytes)
Event: 26.229 Thread 0x00007fb3c3036800 nmethod 3192 0x000000010be32e10 code [0x000000010be33080, 0x000000010be340d8]
Event: 26.229 Thread 0x00007fb3c3036800 3193       3       java.lang.invoke.DirectMethodHandle::maybeCompile (18 bytes)
Event: 26.229 Thread 0x00007fb3c3036800 nmethod 3193 0x000000010be34710 code [0x000000010be348a0, 0x000000010be34b38]
Event: 26.229 Thread 0x00007fb3c3036800 3194       3       java.lang.invoke.DirectMethodHandle::<init> (132 bytes)
Event: 26.230 Thread 0x00007fb3c3036800 nmethod 3194 0x000000010be34c50 code [0x000000010be34f00, 0x000000010be36738]
Event: 26.245 Thread 0x00007fb3c3036800 3195       1       com.sun.prism.GraphicsPipeline::getPipeline (4 bytes)
Event: 26.246 Thread 0x00007fb3c3036800 nmethod 3195 0x000000010be37050 code [0x000000010be371a0, 0x000000010be37290]

GC Heap History (4 events):
Event: 21.111 GC heap before
{Heap before GC invocations=1 (full 0):
 PSYoungGen      total 76288K, used 63049K [0x000000076ab00000, 0x0000000770000000, 0x00000007c0000000)
  eden space 65536K, 96% used [0x000000076ab00000,0x000000076e892590,0x000000076eb00000)
  from space 10752K, 0% used [0x000000076f580000,0x000000076f580000,0x0000000770000000)
  to   space 10752K, 0% used [0x000000076eb00000,0x000000076eb00000,0x000000076f580000)
 ParOldGen       total 175104K, used 0K [0x00000006c0000000, 0x00000006cab00000, 0x000000076ab00000)
  object space 175104K, 0% used [0x00000006c0000000,0x00000006c0000000,0x00000006cab00000)
 Metaspace       used 20451K, capacity 21166K, committed 21248K, reserved 1067008K
  class space    used 2813K, capacity 3011K, committed 3072K, reserved 1048576K
Event: 21.146 GC heap after
Heap after GC invocations=1 (full 0):
 PSYoungGen      total 76288K, used 10734K [0x000000076ab00000, 0x0000000770000000, 0x00000007c0000000)
  eden space 65536K, 0% used [0x000000076ab00000,0x000000076ab00000,0x000000076eb00000)
  from space 10752K, 99% used [0x000000076eb00000,0x000000076f57bad0,0x000000076f580000)
  to   space 10752K, 0% used [0x000000076f580000,0x000000076f580000,0x0000000770000000)
 ParOldGen       total 175104K, used 3424K [0x00000006c0000000, 0x00000006cab00000, 0x000000076ab00000)
  object space 175104K, 1% used [0x00000006c0000000,0x00000006c03583c0,0x00000006cab00000)
 Metaspace       used 20451K, capacity 21166K, committed 21248K, reserved 1067008K
  class space    used 2813K, capacity 3011K, committed 3072K, reserved 1048576K
}
Event: 21.146 GC heap before
{Heap before GC invocations=2 (full 1):
 PSYoungGen      total 76288K, used 10734K [0x000000076ab00000, 0x0000000770000000, 0x00000007c0000000)
  eden space 65536K, 0% used [0x000000076ab00000,0x000000076ab00000,0x000000076eb00000)
  from space 10752K, 99% used [0x000000076eb00000,0x000000076f57bad0,0x000000076f580000)
  to   space 10752K, 0% used [0x000000076f580000,0x000000076f580000,0x0000000770000000)
 ParOldGen       total 175104K, used 3424K [0x00000006c0000000, 0x00000006cab00000, 0x000000076ab00000)
  object space 175104K, 1% used [0x00000006c0000000,0x00000006c03583c0,0x00000006cab00000)
 Metaspace       used 20451K, capacity 21166K, committed 21248K, reserved 1067008K
  class space    used 2813K, capacity 3011K, committed 3072K, reserved 1048576K
Event: 21.170 GC heap after
Heap after GC invocations=2 (full 1):
 PSYoungGen      total 76288K, used 0K [0x000000076ab00000, 0x0000000770000000, 0x00000007c0000000)
  eden space 65536K, 0% used [0x000000076ab00000,0x000000076ab00000,0x000000076eb00000)
  from space 10752K, 0% used [0x000000076eb00000,0x000000076eb00000,0x000000076f580000)
  to   space 10752K, 0% used [0x000000076f580000,0x000000076f580000,0x0000000770000000)
 ParOldGen       total 82944K, used 13602K [0x00000006c0000000, 0x00000006c5100000, 0x000000076ab00000)
  object space 82944K, 16% used [0x00000006c0000000,0x00000006c0d48af0,0x00000006c5100000)
 Metaspace       used 20451K, capacity 21166K, committed 21248K, reserved 1067008K
  class space    used 2813K, capacity 3011K, committed 3072K, reserved 1048576K
}

Deoptimization events (10 events):
Event: 20.956 Thread 0x00007fb3c216b000 Uncommon trap: reason=speculate_class_check action=maybe_recompile pc=0x000000010bbbd780 method=com.sun.javafx.css.BitSet.containsAll(Ljava/util/Collection;)Z @ 18
Event: 20.957 Thread 0x00007fb3c216b000 Uncommon trap: reason=speculate_class_check action=maybe_recompile pc=0x000000010bbbd780 method=com.sun.javafx.css.BitSet.containsAll(Ljava/util/Collection;)Z @ 18
Event: 20.957 Thread 0x00007fb3c216b000 Uncommon trap: reason=speculate_class_check action=maybe_recompile pc=0x000000010bbbd780 method=com.sun.javafx.css.BitSet.containsAll(Ljava/util/Collection;)Z @ 18
Event: 20.957 Thread 0x00007fb3c216b000 Uncommon trap: reason=speculate_class_check action=maybe_recompile pc=0x000000010bbbd780 method=com.sun.javafx.css.BitSet.containsAll(Ljava/util/Collection;)Z @ 18
Event: 21.035 Thread 0x00007fb3c216b000 Uncommon trap: reason=unstable_if action=reinterpret pc=0x000000010b728ee0 method=java.lang.CharacterData.of(I)Ljava/lang/CharacterData; @ 4
Event: 21.417 Thread 0x00007fb3c320f800 Uncommon trap: reason=bimorphic action=maybe_recompile pc=0x000000010b9ff99c method=java.util.concurrent.locks.AbstractQueuedSynchronizer.release(I)Z @ 2
Event: 21.425 Thread 0x00007fb3c320f800 Uncommon trap: reason=bimorphic action=maybe_recompile pc=0x000000010b9ff99c method=java.util.concurrent.locks.AbstractQueuedSynchronizer.release(I)Z @ 2
Event: 21.442 Thread 0x00007fb3c320f800 Uncommon trap: reason=bimorphic action=maybe_recompile pc=0x000000010b9ff99c method=java.util.concurrent.locks.AbstractQueuedSynchronizer.release(I)Z @ 2
Event: 21.461 Thread 0x00007fb3c320f800 Uncommon trap: reason=bimorphic action=maybe_recompile pc=0x000000010b9ff99c method=java.util.concurrent.locks.AbstractQueuedSynchronizer.release(I)Z @ 2
Event: 25.751 Thread 0x00007fb3c216b000 Uncommon trap: reason=unstable_if action=reinterpret pc=0x000000010bddf1a4 method=java.lang.Math.round(F)I @ 36

Classes redefined (0 events):
No events

Internal exceptions (10 events):
Event: 0.189 Thread 0x00007fb3c200d800 Exception <a 'java/security/PrivilegedActionException'> (0x000000076ae5bd90) thrown at [/System/Volumes/Data/jenkins/workspace/8-2-build-macosx-x86_64/jdk8u321/2141/hotspot/src/share/vm/prims/jvm.cpp, line 1523]
Event: 0.189 Thread 0x00007fb3c200d800 Exception <a 'java/security/PrivilegedActionException'> (0x000000076ae5bfa0) thrown at [/System/Volumes/Data/jenkins/workspace/8-2-build-macosx-x86_64/jdk8u321/2141/hotspot/src/share/vm/prims/jvm.cpp, line 1523]
Event: 0.189 Thread 0x00007fb3c200d800 Exception <a 'java/security/PrivilegedActionException'> (0x000000076ae605f8) thrown at [/System/Volumes/Data/jenkins/workspace/8-2-build-macosx-x86_64/jdk8u321/2141/hotspot/src/share/vm/prims/jvm.cpp, line 1523]
Event: 0.189 Thread 0x00007fb3c200d800 Exception <a 'java/security/PrivilegedActionException'> (0x000000076ae60808) thrown at [/System/Volumes/Data/jenkins/workspace/8-2-build-macosx-x86_64/jdk8u321/2141/hotspot/src/share/vm/prims/jvm.cpp, line 1523]
Event: 0.190 Thread 0x00007fb3c200d800 Exception <a 'java/lang/NullPointerException'> (0x000000076ae60de0) thrown at [/System/Volumes/Data/jenkins/workspace/8-2-build-macosx-x86_64/jdk8u321/2141/hotspot/src/share/vm/interpreter/linkResolver.cpp, line 1185]
Event: 0.470 Thread 0x00007fb3c200d800 Exception <a 'java/io/FileNotFoundException'> (0x000000076b20d9d0) thrown at [/System/Volumes/Data/jenkins/workspace/8-2-build-macosx-x86_64/jdk8u321/2141/hotspot/src/share/vm/prims/jni.cpp, line 710]
Event: 0.470 Thread 0x00007fb3c200d800 Exception <a 'java/io/FileNotFoundException'> (0x000000076b20e540) thrown at [/System/Volumes/Data/jenkins/workspace/8-2-build-macosx-x86_64/jdk8u321/2141/hotspot/src/share/vm/prims/jni.cpp, line 710]
Event: 0.479 Thread 0x00007fb3c200d800 Exception <a 'java/io/FileNotFoundException'> (0x000000076b21fce0) thrown at [/System/Volumes/Data/jenkins/workspace/8-2-build-macosx-x86_64/jdk8u321/2141/hotspot/src/share/vm/prims/jni.cpp, line 710]
Event: 20.716 Thread 0x00007fb3c216b000 Exception <a 'java/lang/NullPointerException'> (0x000000076dacde78) thrown at [/System/Volumes/Data/jenkins/workspace/8-2-build-macosx-x86_64/jdk8u321/2141/hotspot/src/share/vm/interpreter/linkResolver.cpp, line 1185]
Event: 20.716 Thread 0x00007fb3c216b000 Exception <a 'java/lang/NullPointerException'> (0x000000076dacde78) thrown at [/System/Volumes/Data/jenkins/workspace/8-2-build-macosx-x86_64/jdk8u321/2141/hotspot/src/share/vm/prims/jvm.cpp, line 1527]

Events (10 events):
Event: 26.235 loading class com/sun/javafx/tk/quantum/QuantumRenderer done
Event: 26.248 loading class com/sun/javafx/tk/quantum/QuantumToolkit
Event: 26.248 loading class com/sun/javafx/tk/quantum/QuantumToolkit done
Event: 26.248 Thread 0x00007fb3c320f800 Thread exited: 0x00007fb3c320f800
Event: 26.251 Executing VM operation: RevokeBias
Event: 26.252 Executing VM operation: RevokeBias done
Event: 26.252 Thread 0x00007fb3c337d000 Thread exited: 0x00007fb3c337d000
Event: 26.252 Thread 0x00007fb3c216b000 Thread exited: 0x00007fb3c216b000
Event: 26.252 Thread 0x00007fb3c200d800 Thread exited: 0x00007fb3c200d800
Event: 26.252 Thread 0x00007fb3c200d800 Thread added: 0x00007fb3c200d800


Dynamic libraries:
0x00007ff825ec8000 	/System/Library/Frameworks/Cocoa.framework/Versions/A/Cocoa
0x00007ff8117c6000 	/System/Library/Frameworks/AppKit.framework/Versions/C/AppKit
0x00007ff814d25000 	/System/Library/Frameworks/CoreData.framework/Versions/A/CoreData
0x00007ff80fbdd000 	/System/Library/Frameworks/Foundation.framework/Versions/C/Foundation
0x00007ff819f41000 	/usr/lib/libSystem.B.dylib
0x00007ff812658000 	/System/Library/PrivateFrameworks/UIFoundation.framework/Versions/A/UIFoundation
0x00007ff81fe74000 	/System/Library/PrivateFrameworks/RemoteViewServices.framework/Versions/A/RemoteViewServices
0x00007ff818214000 	/System/Library/PrivateFrameworks/XCTTargetBootstrap.framework/Versions/A/XCTTargetBootstrap
0x00007ff81be0d000 	/System/Library/PrivateFrameworks/InternationalSupport.framework/Versions/A/InternationalSupport
0x00007ff81be97000 	/System/Library/PrivateFrameworks/UserActivity.framework/Versions/A/UserActivity
0x00007ff81b1f4000 	/usr/lib/libspindump.dylib
0x00007ff8128e6000 	/System/Library/Frameworks/UniformTypeIdentifiers.framework/Versions/A/UniformTypeIdentifiers
0x00007ff81694d000 	/usr/lib/libapp_launch_measurement.dylib
0x00007ff815701000 	/System/Library/PrivateFrameworks/CoreAnalytics.framework/Versions/A/CoreAnalytics
0x00007ff816950000 	/System/Library/PrivateFrameworks/CoreAutoLayout.framework/Versions/A/CoreAutoLayout
0x00007ff817b70000 	/System/Library/Frameworks/Metal.framework/Versions/A/Metal
0x00007ff81888c000 	/usr/lib/liblangid.dylib
0x00007ff818218000 	/System/Library/PrivateFrameworks/CoreSVG.framework/Versions/A/CoreSVG
0x00007ff813cad000 	/System/Library/PrivateFrameworks/SkyLight.framework/Versions/A/SkyLight
0x00007ff814043000 	/System/Library/Frameworks/CoreGraphics.framework/Versions/A/CoreGraphics
0x00007ff8204e3000 	/System/Library/Frameworks/Accelerate.framework/Versions/A/Accelerate
0x00007ff81ac6f000 	/System/Library/PrivateFrameworks/IconServices.framework/Versions/A/IconServices
0x00007ff817b55000 	/System/Library/Frameworks/IOSurface.framework/Versions/A/IOSurface
0x00007ff81572f000 	/usr/lib/libDiagnosticMessagesClient.dylib
0x00007ff819e5b000 	/usr/lib/libz.1.dylib
0x00007ff823b54000 	/System/Library/Frameworks/ApplicationServices.framework/Versions/A/ApplicationServices
0x00007ff818200000 	/System/Library/PrivateFrameworks/DFRFoundation.framework/Versions/A/DFRFoundation
0x00007ff8110b7000 	/usr/lib/libicucore.A.dylib
0x00007ff81cb32000 	/System/Library/Frameworks/AudioToolbox.framework/Versions/A/AudioToolbox
0x00007ff81be19000 	/System/Library/PrivateFrameworks/DataDetectorsCore.framework/Versions/A/DataDetectorsCore
0x00007ff91770b000 	/System/Library/PrivateFrameworks/TextInput.framework/Versions/A/TextInput
0x00007ff813c31000 	/usr/lib/libMobileGestalt.dylib
0x00007ff817f08000 	/System/Library/Frameworks/Carbon.framework/Versions/A/Frameworks/HIToolbox.framework/Versions/A/HIToolbox
0x00007ff81637a000 	/System/Library/Frameworks/QuartzCore.framework/Versions/A/QuartzCore
0x00007ff810d57000 	/System/Library/Frameworks/Security.framework/Versions/A/Security
0x00007ff81feac000 	/System/Library/Frameworks/Carbon.framework/Versions/A/Frameworks/SpeechRecognition.framework/Versions/A/SpeechRecognition
0x00007ff8166ad000 	/System/Library/PrivateFrameworks/CoreUI.framework/Versions/A/CoreUI
0x00007ff81062f000 	/System/Library/Frameworks/CoreAudio.framework/Versions/A/CoreAudio
0x00007ff81581d000 	/System/Library/Frameworks/DiskArbitration.framework/Versions/A/DiskArbitration
0x00007ff81b5d7000 	/System/Library/PrivateFrameworks/MultitouchSupport.framework/Versions/A/MultitouchSupport
0x00007ff813c30000 	/usr/lib/libenergytrace.dylib
0x00007ff8116b2000 	/System/Library/Frameworks/IOKit.framework/Versions/A/IOKit
0x00007ff820298000 	/System/Library/Frameworks/CoreServices.framework/Versions/A/CoreServices
0x00007ff8168e7000 	/System/Library/PrivateFrameworks/PerformanceAnalysis.framework/Versions/A/PerformanceAnalysis
0x00007ffa271f2000 	/System/Library/Frameworks/OpenGL.framework/Versions/A/OpenGL
0x00007ff819488000 	/System/Library/PrivateFrameworks/MobileKeyBag.framework/Versions/A/MobileKeyBag
0x00007ff80ec75000 	/usr/lib/libobjc.A.dylib
0x00007ff814772000 	/System/Library/Frameworks/ColorSync.framework/Versions/A/ColorSync
0x00007ff80ee31000 	/System/Library/Frameworks/CoreFoundation.framework/Versions/A/CoreFoundation
0x00007ff818493000 	/System/Library/Frameworks/CoreImage.framework/Versions/A/CoreImage
0x00007ff810445000 	/System/Library/Frameworks/CoreText.framework/Versions/A/CoreText
0x00007ff818247000 	/System/Library/Frameworks/ImageIO.framework/Versions/A/ImageIO
0x00007ff819f47000 	/System/Library/PrivateFrameworks/SoftLinking.framework/Versions/A/SoftLinking
0x00007ff816998000 	/usr/lib/libxml2.2.dylib
0x00007ff80ed3e000 	/usr/lib/libc++.1.dylib
0x00007ff81a1c8000 	/usr/lib/libcompression.dylib
0x00007ff81bd43000 	/System/Library/PrivateFrameworks/TextureIO.framework/Versions/A/TextureIO
0x00007ff81a8e8000 	/usr/lib/libate.dylib
0x00007ff819f3c000 	/usr/lib/system/libcache.dylib
0x00007ff819ef8000 	/usr/lib/system/libcommonCrypto.dylib
0x00007ff819f21000 	/usr/lib/system/libcompiler_rt.dylib
0x00007ff819f17000 	/usr/lib/system/libcopyfile.dylib
0x00007ff80eb6f000 	/usr/lib/system/libcorecrypto.dylib
0x00007ff80ec2e000 	/usr/lib/system/libdispatch.dylib
0x00007ff80edf0000 	/usr/lib/system/libdyld.dylib
0x00007ff819f33000 	/usr/lib/system/libkeymgr.dylib
0x00007ff819ed6000 	/usr/lib/system/libmacho.dylib
0x00007ff81955c000 	/usr/lib/system/libquarantine.dylib
0x00007ff819f31000 	/usr/lib/system/libremovefile.dylib
0x00007ff813c7d000 	/usr/lib/system/libsystem_asl.dylib
0x00007ff80eb1d000 	/usr/lib/system/libsystem_blocks.dylib
0x00007ff80ecb5000 	/usr/lib/system/libsystem_c.dylib
0x00007ff819f29000 	/usr/lib/system/libsystem_collections.dylib
0x00007ff81887d000 	/usr/lib/system/libsystem_configuration.dylib
0x00007ff817b38000 	/usr/lib/system/libsystem_containermanager.dylib
0x00007ff819c0d000 	/usr/lib/system/libsystem_coreservices.dylib
0x00007ff811340000 	/usr/lib/system/libsystem_darwin.dylib
0x00007ff819f34000 	/usr/lib/system/libsystem_dnssd.dylib
0x00007ff80ecb2000 	/usr/lib/system/libsystem_featureflags.dylib
0x00007ff80ee06000 	/usr/lib/system/libsystem_info.dylib
0x00007ff819e6e000 	/usr/lib/system/libsystem_m.dylib
0x00007ff80ec02000 	/usr/lib/system/libsystem_malloc.dylib
0x00007ff813c1a000 	/usr/lib/system/libsystem_networkextension.dylib
0x00007ff811768000 	/usr/lib/system/libsystem_notify.dylib
0x00007ff82016d000 	/usr/lib/system/libsystem_product_info_filter.dylib
0x00007ff818881000 	/usr/lib/system/libsystem_sandbox.dylib
0x00007ff819f2e000 	/usr/lib/system/libsystem_secinit.dylib
0x00007ff80edad000 	/usr/lib/system/libsystem_kernel.dylib
0x00007ff80edfc000 	/usr/lib/system/libsystem_platform.dylib
0x00007ff80ede4000 	/usr/lib/system/libsystem_pthread.dylib
0x00007ff815548000 	/usr/lib/system/libsystem_symptoms.dylib
0x00007ff80eb56000 	/usr/lib/system/libsystem_trace.dylib
0x00007ff819f04000 	/usr/lib/system/libunwind.dylib
0x00007ff80eb1f000 	/usr/lib/system/libxpc.dylib
0x00007ff80ed97000 	/usr/lib/libc++abi.dylib
0x00007ff819f0f000 	/usr/lib/liboah.dylib
0x00007ff81a6a1000 	/usr/lib/liblzma.5.dylib
0x00007ff80f8ee000 	/System/Library/Frameworks/SystemConfiguration.framework/Versions/A/SystemConfiguration
0x00007ff819f43000 	/usr/lib/libfakelink.dylib
0x00007ff813783000 	/System/Library/Frameworks/CFNetwork.framework/Versions/A/CFNetwork
0x00007ff81a082000 	/usr/lib/libarchive.2.dylib
0x00007ff818888000 	/System/Library/PrivateFrameworks/AppleSystemInfo.framework/Versions/A/AppleSystemInfo
0x00007ff819583000 	/usr/lib/libbsm.0.dylib
0x00007ff812db9000 	/usr/lib/libnetwork.dylib
0x00007ff819edc000 	/usr/lib/system/libkxld.dylib
0x00007ff8191b1000 	/System/Library/PrivateFrameworks/IOMobileFramebuffer.framework/Versions/A/IOMobileFramebuffer
0x00007ffb24e5e000 	/usr/lib/libCoreEntitlements.dylib
0x00007ff819bef000 	/System/Library/PrivateFrameworks/AppleFSCompression.framework/Versions/A/AppleFSCompression
0x00007ff81956b000 	/usr/lib/libcoretls.dylib
0x00007ff81a6bb000 	/usr/lib/libcoretls_cfhelpers.dylib
0x00007ff81a1c3000 	/usr/lib/libpam.2.dylib
0x00007ff81516e000 	/usr/lib/libsqlite3.dylib
0x00007ff81a72a000 	/usr/lib/libxar.1.dylib
0x00007ff819bff000 	/usr/lib/libbz2.1.0.dylib
0x00007ff819f48000 	/usr/lib/libpcap.A.dylib
0x00007ff81553f000 	/usr/lib/libdns_services.dylib
0x00007ff81a195000 	/usr/lib/libapple_nghttp2.dylib
0x00007ff819f7f000 	/usr/lib/libiconv.2.dylib
0x00007ff819ed5000 	/usr/lib/libcharset.1.dylib
0x00007ff81691b000 	/System/Library/Frameworks/CoreServices.framework/Versions/A/Frameworks/FSEvents.framework/Versions/A/FSEvents
0x00007ff81134a000 	/System/Library/Frameworks/CoreServices.framework/Versions/A/Frameworks/CarbonCore.framework/Versions/A/CarbonCore
0x00007ff815782000 	/System/Library/Frameworks/CoreServices.framework/Versions/A/Frameworks/Metadata.framework/Versions/A/Metadata
0x00007ff819c12000 	/System/Library/Frameworks/CoreServices.framework/Versions/A/Frameworks/OSServices.framework/Versions/A/OSServices
0x00007ff81a109000 	/System/Library/Frameworks/CoreServices.framework/Versions/A/Frameworks/SearchKit.framework/Versions/A/SearchKit
0x00007ff8154d1000 	/System/Library/Frameworks/CoreServices.framework/Versions/A/Frameworks/AE.framework/Versions/A/AE
0x00007ff80f332000 	/System/Library/Frameworks/CoreServices.framework/Versions/A/Frameworks/LaunchServices.framework/Versions/A/LaunchServices
0x00007ff81a652000 	/System/Library/Frameworks/CoreServices.framework/Versions/A/Frameworks/DictionaryServices.framework/Versions/A/DictionaryServices
0x00007ff816928000 	/System/Library/Frameworks/CoreServices.framework/Versions/A/Frameworks/SharedFileList.framework/Versions/A/SharedFileList
0x00007ff81955f000 	/usr/lib/libCheckFix.dylib
0x00007ff813c94000 	/System/Library/PrivateFrameworks/TCC.framework/Versions/A/TCC
0x00007ff81888e000 	/System/Library/PrivateFrameworks/CoreNLP.framework/Versions/A/CoreNLP
0x00007ff815732000 	/System/Library/PrivateFrameworks/MetadataUtilities.framework/Versions/A/MetadataUtilities
0x00007ff80f99e000 	/usr/lib/libmecabra.dylib
0x00007ff819593000 	/usr/lib/libmecab.dylib
0x00007ff80f969000 	/usr/lib/libCRFSuite.dylib
0x00007ff8195f0000 	/usr/lib/libgermantok.dylib
0x00007ff81a170000 	/usr/lib/libThaiTokenizer.dylib
0x00007ff815824000 	/System/Library/Frameworks/Accelerate.framework/Versions/A/Frameworks/vImage.framework/Versions/A/vImage
0x00007ff82026f000 	/System/Library/Frameworks/Accelerate.framework/Versions/A/Frameworks/vecLib.framework/Versions/A/vecLib
0x00007ff81a76b000 	/System/Library/Frameworks/Accelerate.framework/Versions/A/Frameworks/vecLib.framework/Versions/A/libvMisc.dylib
0x00007ff818fa5000 	/System/Library/Frameworks/Accelerate.framework/Versions/A/Frameworks/vecLib.framework/Versions/A/libvDSP.dylib
0x00007ff80f6aa000 	/System/Library/Frameworks/Accelerate.framework/Versions/A/Frameworks/vecLib.framework/Versions/A/libBLAS.dylib
0x00007ff81a2a5000 	/System/Library/Frameworks/Accelerate.framework/Versions/A/Frameworks/vecLib.framework/Versions/A/libLAPACK.dylib
0x00007ff8195f3000 	/System/Library/Frameworks/Accelerate.framework/Versions/A/Frameworks/vecLib.framework/Versions/A/libLinearAlgebra.dylib
0x00007ff81a1ae000 	/System/Library/Frameworks/Accelerate.framework/Versions/A/Frameworks/vecLib.framework/Versions/A/libSparseBLAS.dylib
0x00007ff81a29f000 	/System/Library/Frameworks/Accelerate.framework/Versions/A/Frameworks/vecLib.framework/Versions/A/libQuadrature.dylib
0x00007ff818978000 	/System/Library/Frameworks/Accelerate.framework/Versions/A/Frameworks/vecLib.framework/Versions/A/libBNNS.dylib
0x00007ff80f87f000 	/System/Library/Frameworks/Accelerate.framework/Versions/A/Frameworks/vecLib.framework/Versions/A/libSparse.dylib
0x00007ff818971000 	/System/Library/PrivateFrameworks/LinguisticData.framework/Versions/A/LinguisticData
0x00007ff80f834000 	/System/Library/PrivateFrameworks/Lexicon.framework/Versions/A/Lexicon
0x00007ff81a764000 	/usr/lib/libChineseTokenizer.dylib
0x00007ff80ff98000 	/System/Library/PrivateFrameworks/LanguageModeling.framework/Versions/A/LanguageModeling
0x00007ff81a172000 	/System/Library/PrivateFrameworks/AppleSauce.framework/Versions/A/AppleSauce
0x00007ff81919f000 	/System/Library/PrivateFrameworks/CoreEmoji.framework/Versions/A/CoreEmoji
0x00007ff81a071000 	/usr/lib/libcmph.dylib
0x00007ff8168ff000 	/System/Library/Frameworks/OpenDirectory.framework/Versions/A/Frameworks/CFOpenDirectory.framework/Versions/A/CFOpenDirectory
0x00007ff8168f3000 	/System/Library/Frameworks/OpenDirectory.framework/Versions/A/OpenDirectory
0x00007ff81a6bd000 	/System/Library/PrivateFrameworks/APFS.framework/Versions/A/APFS
0x00007ff8194c0000 	/System/Library/Frameworks/SecurityFoundation.framework/Versions/A/SecurityFoundation
0x00007ff81a738000 	/usr/lib/libutil.dylib
0x00007ff811675000 	/System/Library/PrivateFrameworks/CoreServicesStore.framework/Versions/A/CoreServicesStore
0x00007ff81a73c000 	/usr/lib/libxslt.1.dylib
0x00007ff81954d000 	/System/Library/PrivateFrameworks/BackgroundTaskManagement.framework/Versions/A/BackgroundTaskManagement
0x00007ff81bc65000 	/System/Library/Frameworks/ImageIO.framework/Versions/A/Resources/libRadiance.dylib
0x00007ff81bc6e000 	/System/Library/Frameworks/ImageIO.framework/Versions/A/Resources/libJPEG.dylib
0x00007ff81bbbf000 	/System/Library/Frameworks/ImageIO.framework/Versions/A/Resources/libPng.dylib
0x00007ff81bbe0000 	/System/Library/Frameworks/ImageIO.framework/Versions/A/Resources/libTIFF.dylib
0x00007ff81bccc000 	/System/Library/Frameworks/ImageIO.framework/Versions/A/Resources/libGIF.dylib
0x00007ff81b4f4000 	/System/Library/Frameworks/ImageIO.framework/Versions/A/Resources/libJP2.dylib
0x00007ff81ac36000 	/usr/lib/libexpat.1.dylib
0x00007ff81b4a9000 	/System/Library/PrivateFrameworks/AppleJPEG.framework/Versions/A/AppleJPEG
0x00007ff817dcb000 	/System/Library/PrivateFrameworks/FontServices.framework/libFontParser.dylib
0x00007ff81547b000 	/System/Library/PrivateFrameworks/RunningBoardServices.framework/Versions/A/RunningBoardServices
0x00007ff826444000 	/System/Library/PrivateFrameworks/IOSurfaceAccelerator.framework/Versions/A/IOSurfaceAccelerator
0x00007ff81b5d3000 	/System/Library/PrivateFrameworks/WatchdogClient.framework/Versions/A/WatchdogClient
0x00007ff810087000 	/System/Library/Frameworks/CoreDisplay.framework/Versions/A/CoreDisplay
0x00007ff817cca000 	/System/Library/Frameworks/CoreMedia.framework/Versions/A/CoreMedia
0x00007ff817b67000 	/System/Library/PrivateFrameworks/IOAccelerator.framework/Versions/A/IOAccelerator
0x00007ff816a7b000 	/System/Library/Frameworks/CoreVideo.framework/Versions/A/CoreVideo
0x00007ff81a1c1000 	/System/Library/Frameworks/MetalPerformanceShaders.framework/Versions/A/MetalPerformanceShaders
0x00007ff81b60e000 	/System/Library/Frameworks/VideoToolbox.framework/Versions/A/VideoToolbox
0x00007ff8153c3000 	/System/Library/PrivateFrameworks/BaseBoard.framework/Versions/A/BaseBoard
0x00007ff815154000 	/System/Library/PrivateFrameworks/ProtocolBuffer.framework/Versions/A/ProtocolBuffer
0x00007ff81bc5e000 	/System/Library/PrivateFrameworks/GPUWrangler.framework/Versions/A/GPUWrangler
0x00007ff81bc41000 	/System/Library/PrivateFrameworks/IOPresentment.framework/Versions/A/IOPresentment
0x00007ff81bc68000 	/System/Library/PrivateFrameworks/DSExternalDisplay.framework/Versions/A/DSExternalDisplay
0x00007ffa271e6000 	/System/Library/Frameworks/OpenGL.framework/Versions/A/Libraries/libCoreFSCache.dylib
0x00007ffb130ce000 	/System/Library/PrivateFrameworks/GPUCompiler.framework/Versions/31001/Libraries/libGPUCompilerUtils.dylib
0x00007ff81bcd1000 	/System/Library/PrivateFrameworks/CMCaptureCore.framework/Versions/A/CMCaptureCore
0x00007ff81b1e2000 	/System/Library/PrivateFrameworks/AppServerSupport.framework/Versions/A/AppServerSupport
0x00007ff81d3b8000 	/System/Library/PrivateFrameworks/perfdata.framework/Versions/A/perfdata
0x00007ff8101b3000 	/System/Library/PrivateFrameworks/AudioToolboxCore.framework/Versions/A/AudioToolboxCore
0x00007ff817ca7000 	/System/Library/PrivateFrameworks/caulk.framework/Versions/A/caulk
0x00007ff81ccdc000 	/usr/lib/libAudioStatistics.dylib
0x00007ff913f99000 	/System/Library/PrivateFrameworks/SystemPolicy.framework/Versions/A/SystemPolicy
0x00007ff81cf31000 	/usr/lib/libSMC.dylib
0x00007ff825d7b000 	/System/Library/Frameworks/CoreMIDI.framework/Versions/A/CoreMIDI
0x00007ff81bb8f000 	/usr/lib/libAudioToolboxUtility.dylib
0x00007ff9103ab000 	/System/Library/PrivateFrameworks/OSAServicesClient.framework/Versions/A/OSAServicesClient
0x00007ff81d3c5000 	/usr/lib/libperfcheck.dylib
0x00007ff914a2b000 	/usr/lib/libmis.dylib
0x00007ffa27242000 	/System/Library/Frameworks/OpenGL.framework/Versions/A/Libraries/libGLU.dylib
0x00007ffa27205000 	/System/Library/Frameworks/OpenGL.framework/Versions/A/Libraries/libGFXShared.dylib
0x00007ffa27413000 	/System/Library/Frameworks/OpenGL.framework/Versions/A/Libraries/libGL.dylib
0x00007ffa2720e000 	/System/Library/Frameworks/OpenGL.framework/Versions/A/Libraries/libGLImage.dylib
0x00007ffa27202000 	/System/Library/Frameworks/OpenGL.framework/Versions/A/Libraries/libCVMSPluginSupport.dylib
0x00007ffa271ed000 	/System/Library/Frameworks/OpenGL.framework/Versions/A/Libraries/libCoreVMClient.dylib
0x00007ff81880c000 	/System/Library/Frameworks/MetalPerformanceShaders.framework/Versions/A/Frameworks/MPSCore.framework/Versions/A/MPSCore
0x00007ff819b5a000 	/System/Library/Frameworks/MetalPerformanceShaders.framework/Versions/A/Frameworks/MPSImage.framework/Versions/A/MPSImage
0x00007ff819609000 	/System/Library/Frameworks/MetalPerformanceShaders.framework/Versions/A/Frameworks/MPSNeuralNetwork.framework/Versions/A/MPSNeuralNetwork
0x00007ff819a7e000 	/System/Library/Frameworks/MetalPerformanceShaders.framework/Versions/A/Frameworks/MPSMatrix.framework/Versions/A/MPSMatrix
0x00007ff81983a000 	/System/Library/Frameworks/MetalPerformanceShaders.framework/Versions/A/Frameworks/MPSRayIntersector.framework/Versions/A/MPSRayIntersector
0x00007ff819ab7000 	/System/Library/Frameworks/MetalPerformanceShaders.framework/Versions/A/Frameworks/MPSNDArray.framework/Versions/A/MPSNDArray
0x00007ffa2be07000 	/System/Library/Frameworks/MetalPerformanceShaders.framework/Versions/A/Frameworks/MPSFunctions.framework/Versions/A/MPSFunctions
0x00007ff80f58d000 	/System/Library/PrivateFrameworks/MetalTools.framework/Versions/A/MetalTools
0x00007ff818886000 	/System/Library/PrivateFrameworks/AggregateDictionary.framework/Versions/A/AggregateDictionary
0x00007ff81aa18000 	/usr/lib/libIOReport.dylib
0x00007ffa28822000 	/System/Library/Frameworks/OpenCL.framework/Versions/A/OpenCL
0x00007ff81ad7c000 	/System/Library/PrivateFrameworks/FaceCore.framework/Versions/A/FaceCore
0x00007ff81ad6d000 	/System/Library/PrivateFrameworks/GraphVisualizer.framework/Versions/A/GraphVisualizer
0x00007ffb12fd9000 	/System/Library/PrivateFrameworks/FontServices.framework/Versions/A/FontServices
0x00007ff81b199000 	/System/Library/PrivateFrameworks/OTSVG.framework/Versions/A/OTSVG
0x00007ff816663000 	/System/Library/Frameworks/ApplicationServices.framework/Versions/A/Frameworks/ATS.framework/Versions/A/Resources/libFontRegistry.dylib
0x00007ff81b1ea000 	/System/Library/PrivateFrameworks/FontServices.framework/libhvf.dylib
0x00007ffb12fda000 	/System/Library/PrivateFrameworks/FontServices.framework/libXTFontStaticRegistryData.dylib
0x00007ff81abe6000 	/System/Library/PrivateFrameworks/AppleVA.framework/Versions/A/AppleVA
0x00007ff81cd00000 	/System/Library/Frameworks/ApplicationServices.framework/Versions/A/Frameworks/ATS.framework/Versions/A/ATS
0x00007ff81486e000 	/System/Library/Frameworks/ApplicationServices.framework/Versions/A/Frameworks/HIServices.framework/Versions/A/HIServices
0x00007ff81bcdb000 	/System/Library/Frameworks/ApplicationServices.framework/Versions/A/Frameworks/PrintCore.framework/Versions/A/PrintCore
0x00007ff81d084000 	/System/Library/Frameworks/ApplicationServices.framework/Versions/A/Frameworks/QD.framework/Versions/A/QD
0x00007ff81d07c000 	/System/Library/Frameworks/ApplicationServices.framework/Versions/A/Frameworks/ColorSyncLegacy.framework/Versions/A/ColorSyncLegacy
0x00007ff81ccf0000 	/System/Library/Frameworks/ApplicationServices.framework/Versions/A/Frameworks/SpeechSynthesis.framework/Versions/A/SpeechSynthesis
0x00007ff81bc9c000 	/System/Library/Frameworks/ApplicationServices.framework/Versions/A/Frameworks/ATSUI.framework/Versions/A/ATSUI
0x00007ff81d011000 	/usr/lib/libcups.2.dylib
0x00007ff81d3d4000 	/System/Library/Frameworks/Kerberos.framework/Versions/A/Kerberos
0x00007ff81d3e3000 	/System/Library/Frameworks/GSS.framework/Versions/A/GSS
0x00007ff81cd6c000 	/usr/lib/libresolv.9.dylib
0x00007ff81b1f9000 	/System/Library/PrivateFrameworks/Heimdal.framework/Versions/A/Heimdal
0x00007ff823ed1000 	/System/Library/Frameworks/Kerberos.framework/Versions/A/Libraries/libHeimdalProxy.dylib
0x00007ff815550000 	/System/Library/Frameworks/Network.framework/Versions/A/Network
0x00007ff81ac50000 	/usr/lib/libheimdal-asn1.dylib
0x00007ff81d42f000 	/System/Library/PrivateFrameworks/CommonAuth.framework/Versions/A/CommonAuth
0x00007ff81cc6d000 	/System/Library/PrivateFrameworks/AudioSession.framework/Versions/A/AudioSession
0x00007ff81ace0000 	/System/Library/PrivateFrameworks/MediaExperience.framework/Versions/A/MediaExperience
0x00007ff81cb01000 	/System/Library/PrivateFrameworks/AudioSession.framework/libSessionUtility.dylib
0x00007ff81d090000 	/System/Library/PrivateFrameworks/AudioResourceArbitration.framework/Versions/A/AudioResourceArbitration
0x00007ff821082000 	/System/Library/PrivateFrameworks/PowerLog.framework/Versions/A/PowerLog
0x00007ff81ac59000 	/System/Library/PrivateFrameworks/IconFoundation.framework/Versions/A/IconFoundation
0x00007ff81fe9c000 	/System/Library/PrivateFrameworks/SpeechRecognitionCore.framework/Versions/A/SpeechRecognitionCore
0x0000000109716000 	/Library/Internet Plug-Ins/JavaAppletPlugin.plugin/Contents/Home/lib/server/libjvm.dylib
0x0000000108963000 	/Library/Internet Plug-Ins/JavaAppletPlugin.plugin/Contents/Home/lib/libverify.dylib
0x00000001089bb000 	/Library/Internet Plug-Ins/JavaAppletPlugin.plugin/Contents/Home/lib/libjava.dylib
0x0000000108995000 	/Library/Internet Plug-Ins/JavaAppletPlugin.plugin/Contents/Home/lib/libzip.dylib
0x0000000125ad5000 	/Library/Internet Plug-Ins/JavaAppletPlugin.plugin/Contents/Home/lib/libprism_es2.dylib
0x00007ff811636000 	/System/Library/PrivateFrameworks/CoreServicesInternal.framework/Versions/A/CoreServicesInternal
0x00007ffa2741e000 	/System/Library/Frameworks/OpenGL.framework/Versions/A/Resources/GLEngine.bundle/GLEngine
0x00007ffa27280000 	/System/Library/Frameworks/OpenGL.framework/Versions/A/Libraries/libGLProgrammability.dylib
0x0000000126405000 	/System/Library/Extensions/AppleMetalOpenGLRenderer.bundle/Contents/MacOS/AppleMetalOpenGLRenderer
0x00007ffa275ad000 	/System/Library/Frameworks/OpenGL.framework/Versions/A/Resources/GLRendererFloat.bundle/GLRendererFloat
0x00007ffa2938c000 	/System/Library/Extensions/AGXMetal13_3.bundle/Contents/MacOS/AGXMetal13_3
0x00007ff914a46000 	/System/Library/PrivateFrameworks/GPURawCounter.framework/Versions/A/GPURawCounter
0x00007ff90f576000 	/System/Library/PrivateFrameworks/IOGPU.framework/Versions/A/IOGPU
0x000000012660d000 	/Library/Internet Plug-Ins/JavaAppletPlugin.plugin/Contents/Home/lib/libglass.dylib
0x00007ff821673000 	/System/Library/Frameworks/FileProvider.framework/Versions/A/FileProvider
0x00007ff81532f000 	/System/Library/Frameworks/Accounts.framework/Versions/A/Accounts
0x00007ff8217eb000 	/System/Library/PrivateFrameworks/GenerationalStorage.framework/Versions/A/GenerationalStorage
0x00007ff8222fd000 	/System/Library/PrivateFrameworks/CoreSymbolication.framework/Versions/A/CoreSymbolication
0x00007ff821077000 	/System/Library/PrivateFrameworks/SymptomDiagnosticReporter.framework/Versions/A/SymptomDiagnosticReporter
0x00007ff8128fa000 	/System/Library/PrivateFrameworks/DesktopServicesPriv.framework/Versions/A/DesktopServicesPriv
0x00007ff811777000 	/usr/lib/libsandbox.1.dylib
0x00007ff816afa000 	/System/Library/PrivateFrameworks/UserManagement.framework/Versions/A/UserManagement
0x00007ff8222c2000 	/System/Library/PrivateFrameworks/DebugSymbols.framework/Versions/A/DebugSymbols
0x00007ff81d071000 	/System/Library/PrivateFrameworks/NetAuth.framework/Versions/A/NetAuth
0x00007ff81df60000 	/System/Library/PrivateFrameworks/Sharing.framework/Versions/A/Sharing
0x00007ff816acd000 	/System/Library/PrivateFrameworks/login.framework/Versions/A/Frameworks/loginsupport.framework/Versions/A/loginsupport
0x00007ff823403000 	/System/Library/PrivateFrameworks/Apple80211.framework/Versions/A/Apple80211
0x00007ff819c3f000 	/System/Library/PrivateFrameworks/AuthKit.framework/Versions/A/AuthKit
0x00007ff819295000 	/System/Library/PrivateFrameworks/CoreUtils.framework/Versions/A/CoreUtils
0x00007ff8191bc000 	/System/Library/Frameworks/CoreWLAN.framework/Versions/A/CoreWLAN
0x00007ff81e0bb000 	/System/Library/Frameworks/IOBluetooth.framework/Versions/A/IOBluetooth
0x00007ff82346b000 	/System/Library/PrivateFrameworks/CoreWiFi.framework/Versions/A/CoreWiFi
0x00007ff821e97000 	/System/Library/PrivateFrameworks/FrontBoardServices.framework/Versions/A/FrontBoardServices
0x00007ff821f29000 	/System/Library/PrivateFrameworks/BoardServices.framework/Versions/A/BoardServices
0x00007ff8194af000 	/System/Library/PrivateFrameworks/AssertionServices.framework/Versions/A/AssertionServices
0x00007ff8235ef000 	/System/Library/PrivateFrameworks/BackBoardServices.framework/Versions/A/BackBoardServices
0x00007ff81d4be000 	/System/Library/PrivateFrameworks/CorePhoneNumbers.framework/Versions/A/CorePhoneNumbers
0x00007ff821194000 	/System/Library/PrivateFrameworks/DiskManagement.framework/Versions/A/DiskManagement
0x00007ff8210a8000 	/System/Library/PrivateFrameworks/AppleIDAuthSupport.framework/Versions/A/AppleIDAuthSupport
0x00007ffa2ddc0000 	/System/Library/PrivateFrameworks/AAAFoundation.framework/Versions/A/AAAFoundation
0x00007ff81d49f000 	/System/Library/PrivateFrameworks/KeychainCircle.framework/Versions/A/KeychainCircle
0x00007ff821160000 	/System/Library/PrivateFrameworks/MediaKit.framework/Versions/A/MediaKit
0x00007ff8210b4000 	/System/Library/Frameworks/DiscRecording.framework/Versions/A/DiscRecording
0x00007ff81ab5e000 	/usr/lib/libCoreStorage.dylib
0x00007ff8238de000 	/usr/lib/libcsfde.dylib
0x00007ff81e188000 	/System/Library/PrivateFrameworks/ProtectedCloudStorage.framework/Versions/A/ProtectedCloudStorage
0x00007ff8238da000 	/System/Library/PrivateFrameworks/EFILogin.framework/Versions/A/EFILogin
0x00007ff821811000 	/System/Library/PrivateFrameworks/OctagonTrust.framework/Versions/A/OctagonTrust
0x00007ffb122fb000 	/System/Library/PrivateFrameworks/CoreUtilsExtras.framework/Versions/A/CoreUtilsExtras
0x00007ff820fea000 	/System/Library/Frameworks/CoreBluetooth.framework/Versions/A/CoreBluetooth
0x00007ff823f56000 	/System/Library/Frameworks/AudioUnit.framework/Versions/A/AudioUnit
0x00007ff81ab56000 	/usr/lib/libMatch.1.dylib
0x00007ff918e8f000 	/System/Library/Frameworks/Accelerate.framework/Versions/A/Frameworks/vImage.framework/Versions/A/Libraries/libCGInterfaces.dylib
0x0000000127942000 	/usr/lib/libobjc-trampolines.dylib
0x00007ff8167f3000 	/System/Library/PrivateFrameworks/ViewBridge.framework/Versions/A/ViewBridge
0x00007ffa2e47a000 	/System/Library/PrivateFrameworks/AccessibilityBundles.framework/Versions/A/AccessibilityBundles
0x00007ff81b2b3000 	/System/Library/PrivateFrameworks/login.framework/Versions/A/login
0x0000000129745000 	/Library/Internet Plug-Ins/JavaAppletPlugin.plugin/Contents/Home/lib/libawt.dylib
0x000000012993e000 	/Library/Internet Plug-Ins/JavaAppletPlugin.plugin/Contents/Home/lib/libmlib_image.dylib
0x00007ffa2bd69000 	/System/Library/Frameworks/JavaNativeFoundation.framework/Versions/A/JavaNativeFoundation
0x00007ffa2bd75000 	/System/Library/Frameworks/JavaRuntimeSupport.framework/Versions/A/JavaRuntimeSupport
0x00007ff913ae2000 	/System/Library/Frameworks/Carbon.framework/Versions/A/Carbon
0x00007ff827797000 	/System/Library/Frameworks/Carbon.framework/Versions/A/Frameworks/CommonPanels.framework/Versions/A/CommonPanels
0x00007ff8238d6000 	/System/Library/Frameworks/Carbon.framework/Versions/A/Frameworks/Help.framework/Versions/A/Help
0x00007ff82779b000 	/System/Library/Frameworks/Carbon.framework/Versions/A/Frameworks/ImageCapture.framework/Versions/A/ImageCapture
0x00007ff82776b000 	/System/Library/Frameworks/Carbon.framework/Versions/A/Frameworks/OpenScripting.framework/Versions/A/OpenScripting
0x00007ff827793000 	/System/Library/Frameworks/Carbon.framework/Versions/A/Frameworks/Ink.framework/Versions/A/Ink
0x00007ff913ade000 	/System/Library/Frameworks/Carbon.framework/Versions/A/Frameworks/Print.framework/Versions/A/Print
0x00007ff82778f000 	/System/Library/Frameworks/Carbon.framework/Versions/A/Frameworks/SecurityHI.framework/Versions/A/SecurityHI
0x0000000129ae0000 	/Library/Internet Plug-Ins/JavaAppletPlugin.plugin/Contents/Home/lib/libawt_lwawt.dylib
0x000000012634e000 	/Library/Internet Plug-Ins/JavaAppletPlugin.plugin/Contents/Home/lib/libosxapp.dylib
0x00007ff912f1b000 	/System/Library/Frameworks/ExceptionHandling.framework/Versions/A/ExceptionHandling
0x0000000129e48000 	/Library/Internet Plug-Ins/JavaAppletPlugin.plugin/Contents/Home/lib/libfontmanager.dylib
0x0000000129df8000 	/Library/Internet Plug-Ins/JavaAppletPlugin.plugin/Contents/Home/lib/libosxui.dylib
0x000000012a523000 	/Library/Internet Plug-Ins/JavaAppletPlugin.plugin/Contents/Home/lib/libnet.dylib
0x000000012a561000 	/Library/Internet Plug-Ins/JavaAppletPlugin.plugin/Contents/Home/lib/libnio.dylib
0x00007ffb24f70000 	/usr/lib/libRosetta.dylib
0x00007ff820567000 	/System/Library/PrivateFrameworks/SystemAdministration.framework/Versions/A/SystemAdministration
0x00007ff81bf03000 	/System/Library/Frameworks/MediaToolbox.framework/Versions/A/MediaToolbox
0x00007ff81fe68000 	/System/Library/Frameworks/DirectoryService.framework/Versions/A/DirectoryService
0x00007ff82377c000 	/System/Library/PrivateFrameworks/DiskImages.framework/Versions/A/DiskImages
0x00007ff819557000 	/System/Library/Frameworks/ServiceManagement.framework/Versions/A/ServiceManagement
0x00007ff823956000 	/System/Library/PrivateFrameworks/LoginUIKit.framework/Versions/A/Frameworks/LoginUICore.framework/Versions/A/LoginUICore
0x00007ff81b461000 	/usr/lib/libodfde.dylib
0x00007ff821643000 	/System/Library/PrivateFrameworks/CoreAVCHD.framework/Versions/A/CoreAVCHD
0x00007ff82052b000 	/System/Library/Frameworks/MediaAccessibility.framework/Versions/A/MediaAccessibility
0x00007ff82163f000 	/System/Library/PrivateFrameworks/Mangrove.framework/Versions/A/Mangrove
0x00007ff820536000 	/System/Library/PrivateFrameworks/AlgosScoreFramework.framework/Versions/A/AlgosScoreFramework
0x00007ffb0f740000 	/System/Library/PrivateFrameworks/CMPhoto.framework/Versions/A/CMPhoto
0x00007ff822198000 	/System/Library/PrivateFrameworks/AppleVPA.framework/Versions/A/AppleVPA
0x00007ff821284000 	/System/Library/PrivateFrameworks/CoreAUC.framework/Versions/A/CoreAUC
0x00007ff8238ea000 	/usr/lib/libcurl.4.dylib
0x00007ff823647000 	/usr/lib/libcrypto.44.dylib
0x00007ff82374f000 	/usr/lib/libssl.46.dylib
0x00007ff82360d000 	/System/Library/Frameworks/LDAP.framework/Versions/A/LDAP
0x00007ff823645000 	/System/Library/PrivateFrameworks/TrustEvaluationAgent.framework/Versions/A/TrustEvaluationAgent
0x00007ff81cd85000 	/usr/lib/libsasl2.2.dylib
0x00007ff82055b000 	/System/Library/PrivateFrameworks/CoreDaemon.framework/Versions/B/CoreDaemon
0x00007ff820556000 	/System/Library/PrivateFrameworks/AppleSRP.framework/Versions/A/AppleSRP
0x000000015f2e8000 	/Library/Internet Plug-Ins/JavaAppletPlugin.plugin/Contents/Home/lib/libjavafx_font.dylib
0x0000000161130000 	/Library/Internet Plug-Ins/JavaAppletPlugin.plugin/Contents/Home/lib/libprism_common.dylib

VM Arguments:
java_command: plotMaker
java_class_path (initial): /Users/jaspalkhanuja/Library/Application Support/Code/User/workspaceStorage/3e7262d63e937e604f703f1b795ab957/redhat.java/jdt_ws/GIT_23b5c79d/bin
Launcher Type: SUN_STANDARD

Environment Variables:
PATH=/usr/local/bin:/usr/bin:/bin:/usr/sbin:/sbin:/Library/Apple/usr/bin:/Users/jaspalkhanuja/opt/anaconda3/bin:/Users/jaspalkhanuja/opt/anaconda3/condabin
SHELL=/bin/zsh

Signal Handlers:
SIGSEGV: [libjvm.dylib+0x59cd83], sa_mask[0]=11111111111111111111111111111111, sa_flags=SA_ONSTACK|SA_RESTART|SA_SIGINFO
SIGBUS: [libjvm.dylib+0x59cd83], sa_mask[0]=11111111111111111111111111111111, sa_flags=SA_RESTART|SA_SIGINFO
SIGFPE: [libjvm.dylib+0x59cd83], sa_mask[0]=11111111111111111111111111111111, sa_flags=SA_RESTART|SA_SIGINFO
SIGPIPE: [libjvm.dylib+0x4905a7], sa_mask[0]=11111111111111111111111111111111, sa_flags=SA_RESTART|SA_SIGINFO
SIGXFSZ: [libjvm.dylib+0x4905a7], sa_mask[0]=11111111111111111111111111111111, sa_flags=SA_RESTART|SA_SIGINFO
SIGILL: [libjvm.dylib+0x59cd83], sa_mask[0]=11111111111111111111111111111111, sa_flags=SA_RESTART|SA_SIGINFO
SIGUSR1: SIG_DFL, sa_mask[0]=00000000000000000000000000000000, sa_flags=SA_RESTART
SIGUSR2: [libjvm.dylib+0x490ea2], sa_mask[0]=00000000000000000000000000000000, sa_flags=SA_RESTART|SA_SIGINFO
SIGHUP: [libjvm.dylib+0x48f0e7], sa_mask[0]=11111111111111111111111111111111, sa_flags=SA_RESTART|SA_SIGINFO
SIGINT: [libjvm.dylib+0x48f0e7], sa_mask[0]=11111111111111111111111111111111, sa_flags=SA_RESTART|SA_SIGINFO
SIGTERM: [libjvm.dylib+0x48f0e7], sa_mask[0]=11111111111111111111111111111111, sa_flags=SA_RESTART|SA_SIGINFO
SIGQUIT: [libjvm.dylib+0x48f0e7], sa_mask[0]=11111111111111111111111111111111, sa_flags=SA_RESTART|SA_SIGINFO


---------------  S Y S T E M  ---------------

OS:Bsduname:Darwin 21.3.0 Darwin Kernel Version 21.3.0: Wed Jan  5 21:37:58 PST 2022; root:xnu-8019.80.24~20/RELEASE_ARM64_T8101 x86_64
rlimit: STACK 8176k, CORE 0k, NPROC 2666, NOFILE 10240, AS infinity
load average:1.01 1.47 1.53

CPU:total 8 (initial active 8) (1 cores per cpu, 1 threads per core) family 6 model 44 stepping 0, cmov, cx8, fxsr, mmx, sse, sse2, sse3, ssse3, sse4.1, sse4.2, popcnt, aes, clmul, tsc, tscinvbit, tscinv

Memory: 4k page, physical 16777216k(14736k free)

/proc/meminfo:


vm_info: Java HotSpot(TM) 64-Bit Server VM (25.321-b07) for bsd-amd64 JRE (1.8.0_321-b07), built on Dec 15 2021 19:12:29 by "java_re" with gcc 4.2.1 Compatible Apple LLVM 11.0.0 (clang-1100.0.33.17)

time: Fri Mar  4 20:43:40 2022
timezone: PST
elapsed time: 26.264183 seconds (0d 0h 0m 26s)

